<?xml version="1.0" encoding="UTF-8"?>
<testng-results ignored="0" total="2" passed="2" failed="0" skipped="0">
  <reporter-output>
  </reporter-output>
  <suite started-at="2020-10-26T15:16:54 EDT" name="Default suite" finished-at="2020-10-26T15:17:16 EDT" duration-ms="21182">
    <groups>
    </groups>
    <test started-at="2020-10-26T15:16:54 EDT" name="Default test" finished-at="2020-10-26T15:17:16 EDT" duration-ms="21182">
      <class name="Selenium.YahooSignUpValidation2">
        <test-method is-config="true" signature="setupTestEnvironment()[pri:0, instance:Selenium.YahooSignUpValidation2@17c386de]" started-at="2020-10-26T15:16:55 EDT" name="setupTestEnvironment" finished-at="2020-10-26T15:17:06 EDT" duration-ms="11971" status="PASS">
          <reporter-output>
          </reporter-output>
        </test-method> <!-- setupTestEnvironment -->
        <test-method signature="testButtonShown()[pri:0, instance:Selenium.YahooSignUpValidation2@17c386de]" started-at="2020-10-26T15:17:06 EDT" name="testButtonShown" finished-at="2020-10-26T15:17:09 EDT" duration-ms="2743" status="PASS">
          <reporter-output>
          </reporter-output>
        </test-method> <!-- testButtonShown -->
        <test-method is-config="true" signature="postTestBehavior()[pri:0, instance:Selenium.YahooSignUpValidation2@17c386de]" started-at="2020-10-26T15:17:09 EDT" name="postTestBehavior" finished-at="2020-10-26T15:17:09 EDT" duration-ms="238" status="PASS">
          <reporter-output>
          </reporter-output>
        </test-method> <!-- postTestBehavior -->
        <test-method is-config="true" signature="setupTestEnvironment()[pri:0, instance:Selenium.YahooSignUpValidation2@17c386de]" started-at="2020-10-26T15:17:09 EDT" name="setupTestEnvironment" finished-at="2020-10-26T15:17:13 EDT" duration-ms="3600" status="PASS">
          <reporter-output>
          </reporter-output>
        </test-method> <!-- setupTestEnvironment -->
        <test-method signature="testPageTitle()[pri:0, instance:Selenium.YahooSignUpValidation2@17c386de]" started-at="2020-10-26T15:17:13 EDT" name="testPageTitle" finished-at="2020-10-26T15:17:15 EDT" duration-ms="2376" status="PASS">
          <reporter-output>
          </reporter-output>
        </test-method> <!-- testPageTitle -->
        <test-method is-config="true" signature="postTestBehavior()[pri:0, instance:Selenium.YahooSignUpValidation2@17c386de]" started-at="2020-10-26T15:17:15 EDT" name="postTestBehavior" finished-at="2020-10-26T15:17:16 EDT" duration-ms="138" status="PASS">
          <reporter-output>
          </reporter-output>
        </test-method> <!-- postTestBehavior -->
      </class> <!-- Selenium.YahooSignUpValidation2 -->
    </test> <!-- Default test -->
  </suite> <!-- Default suite -->
</testng-results>
