<?xml version="1.0" encoding="UTF-8"?>
<testng-results ignored="0" total="4" passed="4" failed="0" skipped="0">
  <reporter-output>
  </reporter-output>
  <suite started-at="2020-10-26T17:53:26 EDT" name="Default suite" finished-at="2020-10-26T17:53:39 EDT" duration-ms="12986">
    <groups>
    </groups>
    <test started-at="2020-10-26T17:53:26 EDT" name="Default test" finished-at="2020-10-26T17:53:39 EDT" duration-ms="12986">
      <class name="Selenium.YahooSignUpValidation">
        <test-method is-config="true" signature="setupTestEnvironment()[pri:0, instance:Selenium.YahooSignUpValidation@5ef60048]" started-at="2020-10-26T17:53:27 EDT" name="setupTestEnvironment" finished-at="2020-10-26T17:53:30 EDT" duration-ms="3370" status="PASS">
          <reporter-output>
          </reporter-output>
        </test-method> <!-- setupTestEnvironment -->
        <test-method signature="testButtonShown()[pri:0, instance:Selenium.YahooSignUpValidation@5ef60048]" started-at="2020-10-26T17:53:30 EDT" name="testButtonShown" finished-at="2020-10-26T17:53:31 EDT" duration-ms="1571" status="PASS">
          <reporter-output>
          </reporter-output>
        </test-method> <!-- testButtonShown -->
        <test-method is-config="true" signature="postTestBehavior()[pri:0, instance:Selenium.YahooSignUpValidation@5ef60048]" started-at="2020-10-26T17:53:31 EDT" name="postTestBehavior" finished-at="2020-10-26T17:53:32 EDT" duration-ms="88" status="PASS">
          <reporter-output>
          </reporter-output>
        </test-method> <!-- postTestBehavior -->
        <test-method is-config="true" signature="setupTestEnvironment()[pri:0, instance:Selenium.YahooSignUpValidation@5ef60048]" started-at="2020-10-26T17:53:32 EDT" name="setupTestEnvironment" finished-at="2020-10-26T17:53:33 EDT" duration-ms="1595" status="PASS">
          <reporter-output>
          </reporter-output>
        </test-method> <!-- setupTestEnvironment -->
        <test-method signature="testLogoDisplay()[pri:0, instance:Selenium.YahooSignUpValidation@5ef60048]" started-at="2020-10-26T17:53:33 EDT" name="testLogoDisplay" finished-at="2020-10-26T17:53:34 EDT" duration-ms="903" status="PASS">
          <reporter-output>
          </reporter-output>
        </test-method> <!-- testLogoDisplay -->
        <test-method is-config="true" signature="postTestBehavior()[pri:0, instance:Selenium.YahooSignUpValidation@5ef60048]" started-at="2020-10-26T17:53:34 EDT" name="postTestBehavior" finished-at="2020-10-26T17:53:34 EDT" duration-ms="101" status="PASS">
          <reporter-output>
          </reporter-output>
        </test-method> <!-- postTestBehavior -->
        <test-method is-config="true" signature="setupTestEnvironment()[pri:0, instance:Selenium.YahooSignUpValidation@5ef60048]" started-at="2020-10-26T17:53:34 EDT" name="setupTestEnvironment" finished-at="2020-10-26T17:53:36 EDT" duration-ms="1624" status="PASS">
          <reporter-output>
          </reporter-output>
        </test-method> <!-- setupTestEnvironment -->
        <test-method signature="testPageTitle()[pri:0, instance:Selenium.YahooSignUpValidation@5ef60048]" started-at="2020-10-26T17:53:36 EDT" name="testPageTitle" finished-at="2020-10-26T17:53:37 EDT" duration-ms="949" status="PASS">
          <reporter-output>
          </reporter-output>
        </test-method> <!-- testPageTitle -->
        <test-method is-config="true" signature="postTestBehavior()[pri:0, instance:Selenium.YahooSignUpValidation@5ef60048]" started-at="2020-10-26T17:53:37 EDT" name="postTestBehavior" finished-at="2020-10-26T17:53:37 EDT" duration-ms="94" status="PASS">
          <reporter-output>
          </reporter-output>
        </test-method> <!-- postTestBehavior -->
        <test-method is-config="true" signature="setupTestEnvironment()[pri:0, instance:Selenium.YahooSignUpValidation@5ef60048]" started-at="2020-10-26T17:53:37 EDT" name="setupTestEnvironment" finished-at="2020-10-26T17:53:38 EDT" duration-ms="1564" status="PASS">
          <reporter-output>
          </reporter-output>
        </test-method> <!-- setupTestEnvironment -->
        <test-method signature="testPageURL()[pri:0, instance:Selenium.YahooSignUpValidation@5ef60048]" started-at="2020-10-26T17:53:38 EDT" name="testPageURL" finished-at="2020-10-26T17:53:39 EDT" duration-ms="967" status="PASS">
          <reporter-output>
          </reporter-output>
        </test-method> <!-- testPageURL -->
        <test-method is-config="true" signature="postTestBehavior()[pri:0, instance:Selenium.YahooSignUpValidation@5ef60048]" started-at="2020-10-26T17:53:39 EDT" name="postTestBehavior" finished-at="2020-10-26T17:53:39 EDT" duration-ms="96" status="PASS">
          <reporter-output>
          </reporter-output>
        </test-method> <!-- postTestBehavior -->
      </class> <!-- Selenium.YahooSignUpValidation -->
    </test> <!-- Default test -->
  </suite> <!-- Default suite -->
</testng-results>
