<?xml version="1.0" encoding="UTF-8"?>
<!-- Generated by org.testng.reporters.JUnitXMLReporter -->
<testsuite ignored="0" hostname="Mohammeds-MacBook-Pro.local" failures="0" tests="3" name="Test" time="12.954" errors="0" timestamp="2020-10-19T21:03:08 EDT">
  <testcase classname="Selenium.YahooSignUpValidation" name="testLogoDisplay" time="1.636"/>
  <testcase classname="Selenium.YahooSignUpValidation2" name="testButtonShown" time="1.503"/>
  <testcase classname="Selenium.YahooSignUpValidation2" name="testPageTitle" time="1.465"/>
</testsuite> <!-- Test -->
