<?xml version="1.0" encoding="UTF-8"?>
<!-- Generated by org.testng.reporters.JUnitXMLReporter -->
<testsuite ignored="0" hostname="Mohammeds-MacBook-Pro.local" failures="0" tests="4" name="first testing framework" time="16.876" errors="0" timestamp="2020-10-19T20:57:53 EDT">
  <testcase classname="Selenium.YahooSignUpValidation" name="testLogoDisplay" time="1.496"/>
  <testcase classname="Selenium.YahooSignUpValidation2" name="testButtonShown" time="1.599"/>
  <testcase classname="Selenium.YahooSignUpValidation2" name="testPageTitle" time="1.401"/>
  <testcase classname="Selenium.yahooSignUpValidation3" name="testPageURL" time="1.347"/>
</testsuite> <!-- first testing framework -->
