<?xml version="1.0" encoding="UTF-8"?>
<!-- Generated by org.testng.reporters.JUnitXMLReporter -->
<testsuite ignored="0" hostname="Mohammeds-MacBook-Pro.local" failures="0" tests="4" name="Default test" time="12.986" errors="0" timestamp="2020-10-26T17:53:40 EDT">
  <testcase classname="Selenium.YahooSignUpValidation" name="testButtonShown" time="1.571"/>
  <testcase classname="Selenium.YahooSignUpValidation" name="testLogoDisplay" time="0.903"/>
  <testcase classname="Selenium.YahooSignUpValidation" name="testPageTitle" time="0.949"/>
  <testcase classname="Selenium.YahooSignUpValidation" name="testPageURL" time="0.967"/>
</testsuite> <!-- Default test -->
